\BOOKMARK [0][-]{chapter.1}{\376\377\000K\000e\000y\000s}{}% 1
\BOOKMARK [1][-]{section.1.1}{\376\377\000I\000n\000t\000r\000o\000d\000u\000c\000t\000i\000o\000n}{chapter.1}% 2
\BOOKMARK [2][-]{subsection.1.1.1}{\376\377\000W\000h\000a\000t\000'\000s\000\040\000a\000c\000t\000u\000a\000l\000l\000y\000\040\000"\000i\000n\000\040\000p\000r\000o\000t\000o\000c\000o\000l\000"\000?}{section.1.1}% 3
\BOOKMARK [1][-]{section.1.2}{\376\377\000N\000o\000t\000a\000t\000i\000o\000n}{chapter.1}% 4
\BOOKMARK [1][-]{section.1.3}{\376\377\000K\000e\000y\000s}{chapter.1}% 5
\BOOKMARK [2][-]{subsection.1.3.1}{\376\377\000S\000e\000e\000d}{section.1.3}% 6
\BOOKMARK [2][-]{subsection.1.3.2}{\376\377\000M\000a\000s\000t\000e\000r\000\040\000k\000e\000y\000s}{section.1.3}% 7
\BOOKMARK [2][-]{subsection.1.3.3}{\376\377\000A\000z\000t\000e\000c\000\040\000A\000d\000d\000r\000e\000s\000s\000e\000s}{section.1.3}% 8
\BOOKMARK [2][-]{subsection.1.3.4}{\376\377\000A\000p\000p\000-\000s\000i\000l\000o\000e\000d\000\040\000k\000e\000y\000s}{section.1.3}% 9
\BOOKMARK [3][-]{subsubsection.1.3.4.1}{\376\377\000D\000o\000\040\000w\000e\000\040\000e\000v\000e\000n\000\040\000w\000a\000n\000t\000\040\000/\000\040\000n\000e\000e\000d\000\040\000a\000p\000p\000-\000s\000i\000l\000o\000e\000d\000\040\000v\000i\000e\000w\000i\000n\000g\000\040\000k\000e\000y\000s\000?}{subsection.1.3.4}% 10
\BOOKMARK [3][-]{subsubsection.1.3.4.2}{\376\377\000A\000p\000p\000-\000s\000i\000l\000o\000e\000d\000\040\000i\000n\000c\000o\000m\000i\000n\000g\000\040\000v\000i\000e\000w\000i\000n\000g\000\040\000k\000e\000y\000s}{subsection.1.3.4}% 11
\BOOKMARK [4][-]{paragraph.1.3.4.2.1}{\376\377\000N\000o\000n\000-\000h\000a\000r\000d\000e\000n\000e\000d\000\040\000d\000e\000r\000i\000v\000a\000t\000i\000o\000n}{subsubsection.1.3.4.2}% 12
\BOOKMARK [4][-]{paragraph.1.3.4.2.2}{\376\377\000H\000a\000r\000d\000e\000n\000e\000d\000\040\000d\000e\000r\000i\000v\000a\000t\000i\000o\000n}{subsubsection.1.3.4.2}% 13
\BOOKMARK [4][-]{paragraph.1.3.4.2.3}{\376\377\000N\000o\000n\000-\000h\000a\000r\000d\000e\000n\000e\000d\000,\000\040\000h\000a\000r\000d\000e\000n\000e\000d\000,\000\040\000I\000B\000E\000,\000\040\000o\000r\000\040\000m\000a\000s\000t\000e\000r\000?}{subsubsection.1.3.4.2}% 14
\BOOKMARK [3][-]{subsubsection.1.3.4.3}{\376\377\000A\000p\000p\000-\000s\000i\000l\000o\000e\000d\000\040\000n\000u\000l\000l\000i\000f\000i\000e\000r\000\040\000k\000e\000y\000s}{subsection.1.3.4}% 15
\BOOKMARK [4][-]{paragraph.1.3.4.3.1}{\376\377\000A\000p\000p\000r\000o\000a\000c\000h\000\040\000A}{subsubsection.1.3.4.3}% 16
\BOOKMARK [4][-]{paragraph.1.3.4.3.2}{\376\377\000A\000p\000p\000r\000o\000a\000c\000h\000\040\000B}{subsubsection.1.3.4.3}% 17
\BOOKMARK [3][-]{subsubsection.1.3.4.4}{\376\377\000A\000p\000p\000-\000s\000i\000l\000o\000e\000d\000\040\000o\000u\000t\000g\000o\000i\000n\000g\000\040\000v\000i\000e\000w\000i\000n\000g\000\040\000k\000e\000y\000s}{subsection.1.3.4}% 18
\BOOKMARK [4][-]{paragraph.1.3.4.4.1}{\376\377\000A\000p\000p\000r\000o\000a\000c\000h\000\040\000A}{subsubsection.1.3.4.4}% 19
\BOOKMARK [4][-]{paragraph.1.3.4.4.2}{\376\377\000A\000p\000p\000r\000o\000a\000c\000h\000\040\000B}{subsubsection.1.3.4.4}% 20
\BOOKMARK [2][-]{subsection.1.3.5}{\376\377\000K\000e\000y\000\040\000r\000o\000t\000a\000t\000i\000o\000n}{section.1.3}% 21
\BOOKMARK [1][-]{section.1.4}{\376\377\000E\000n\000c\000r\000y\000p\000t}{chapter.1}% 22
\BOOKMARK [2][-]{subsection.1.4.1}{\376\377\000E\000p\000h\000e\000m\000e\000r\000a\000l\000\040\000K\000e\000y\000p\000a\000i\000r}{section.1.4}% 23
\BOOKMARK [2][-]{subsection.1.4.2}{\376\377\000B\000o\000d\000y\000\040\000c\000i\000p\000h\000e\000r\000t\000e\000x\000t}{section.1.4}% 24
\BOOKMARK [2][-]{subsection.1.4.3}{\376\377\000O\000u\000t\000g\000o\000i\000n\000g\000\040\000c\000i\000p\000h\000e\000r\000t\000e\000x\000t}{section.1.4}% 25
\BOOKMARK [2][-]{subsection.1.4.4}{\376\377\000H\000e\000a\000d\000e\000r\000\040\000c\000i\000p\000h\000e\000r\000t\000e\000x\000t\000s}{section.1.4}% 26
\BOOKMARK [3][-]{subsubsection.1.4.4.1}{\376\377\000I\000n\000c\000o\000m\000i\000n\000g\000\040\000h\000e\000a\000d\000e\000r\000\040\000c\000i\000p\000h\000e\000r\000t\000e\000x\000t}{subsection.1.4.4}% 27
\BOOKMARK [3][-]{subsubsection.1.4.4.2}{\376\377\000O\000u\000t\000g\000o\000i\000n\000g\000\040\000h\000e\000a\000d\000e\000r\000\040\000c\000i\000p\000h\000e\000r\000t\000e\000x\000t}{subsection.1.4.4}% 28
\BOOKMARK [3][-]{subsubsection.1.4.4.3}{\376\377\000T\000h\000e\000\040\000f\000i\000n\000a\000l\000\040\000l\000o\000g}{subsection.1.4.4}% 29
\BOOKMARK [1][-]{section.1.5}{\376\377\000D\000e\000c\000r\000y\000p\000t}{chapter.1}% 30
\BOOKMARK [2][-]{subsection.1.5.1}{\376\377\000I\000n\000c\000o\000m\000i\000n\000g\000\040\000V\000i\000e\000w\000i\000n\000g\000\040\000H\000e\000a\000d\000e\000r}{section.1.5}% 31
\BOOKMARK [2][-]{subsection.1.5.2}{\376\377\000O\000u\000t\000g\000o\000i\000n\000g\000\040\000V\000i\000e\000w\000i\000n\000g\000\040\000H\000e\000a\000d\000e\000r}{section.1.5}% 32
\BOOKMARK [2][-]{subsection.1.5.3}{\376\377\000O\000u\000t\000g\000o\000i\000n\000g\000\040\000c\000i\000p\000h\000e\000r\000t\000e\000x\000t}{section.1.5}% 33
\BOOKMARK [2][-]{subsection.1.5.4}{\376\377\000B\000o\000d\000y\000\040\000c\000i\000p\000h\000e\000r\000t\000e\000x\000t}{section.1.5}% 34
\BOOKMARK [2][-]{subsection.1.5.5}{\376\377\000P\000r\000o\000v\000i\000n\000g\000\040\000d\000e\000c\000r\000y\000p\000t\000i\000o\000n\000\040\000w\000i\000t\000h\000o\000u\000t\000\040\000l\000e\000a\000k\000i\000n\000g\000\040\000s\000e\000c\000r\000e\000t\000\040\000k\000e\000y\000s\000\040\000t\000o\000\040\000a\000\040\000c\000o\000n\000t\000r\000a\000c\000t\000\040\000o\000r\000\040\0003\000r\000d\000\040\000p\000a\000r\000t\000y}{section.1.5}% 35
\BOOKMARK [1][-]{section.1.6}{\376\377\000T\000a\000g\000g\000i\000n\000g}{chapter.1}% 36
\BOOKMARK [2][-]{subsection.1.6.1}{\376\377\000H\000i\000g\000h\000-\000l\000e\000v\000e\000l\000\040\000f\000l\000o\000w}{section.1.6}% 37
\BOOKMARK [2][-]{subsection.1.6.2}{\376\377\000H\000a\000n\000d\000s\000h\000a\000k\000i\000n\000g}{section.1.6}% 38
\BOOKMARK [3][-]{subsubsection.1.6.2.1}{\376\377\000O\000p\000t\000i\000o\000n\000\040\000A\000\040\000\050\000i\000n\000f\000o\000r\000m\000i\000n\000g\000\040\000t\000h\000e\000\040\000s\000e\000n\000d\000e\000r\000\040\000o\000f\000\040\000t\000h\000e\000\040\000h\000a\000n\000d\000s\000h\000a\000k\000e\000\051}{subsection.1.6.2}% 39
\BOOKMARK [3][-]{subsubsection.1.6.2.2}{\376\377\000O\000p\000t\000i\000o\000n\000\040\000B\000\040\000\050\000i\000n\000f\000o\000r\000m\000i\000n\000g\000\040\000t\000h\000e\000\040\000s\000e\000n\000d\000e\000r\000\040\000o\000f\000\040\000t\000h\000e\000\040\000h\000a\000n\000d\000s\000h\000a\000k\000e\000\051}{subsection.1.6.2}% 40
\BOOKMARK [3][-]{subsubsection.1.6.2.3}{\376\377\000S\000p\000a\000n\000n\000e\000r\000s}{subsection.1.6.2}% 41
\BOOKMARK [2][-]{subsection.1.6.3}{\376\377\000T\000a\000g\000g\000i\000n\000g}{section.1.6}% 42
\BOOKMARK [2][-]{subsection.1.6.4}{\376\377\000H\000o\000w\000\040\000b\000a\000d\000l\000y\000\040\000d\000i\000d\000\040\000w\000e\000\040\000j\000u\000s\000t\000\040\000i\000n\000c\000r\000e\000a\000s\000e\000\040\000p\000r\000o\000v\000i\000n\000g\000\040\000t\000i\000m\000e\000\040\000a\000n\000d\000\040\000c\000o\000s\000t\000s\000?}{section.1.6}% 43
\BOOKMARK [1][-]{section.1.7}{\376\377\000L\000o\000g\000\040\000L\000a\000y\000o\000u\000t}{chapter.1}% 44
\BOOKMARK [1][-]{section.A.1}{\376\377\000N\000o\000n\000-\000h\000a\000r\000d\000e\000n\000e\000d\000\040\000k\000e\000y\000\040\000d\000e\000r\000i\000v\000a\000t\000i\000o\000n}{chapter.1}% 45
